<?xml version="1.0" encoding="UTF-8"?>
<testng-results skipped="0" failed="0" ignored="0" total="2" passed="2">
  <reporter-output>
  </reporter-output>
  <suite name="demo" duration-ms="25" started-at="2017-03-20T03:06:42Z" finished-at="2017-03-20T03:06:42Z">
    <groups>
    </groups>
    <test name="demo Test" duration-ms="25" started-at="2017-03-20T03:06:42Z" finished-at="2017-03-20T03:06:42Z">
      <class name="TESTNG.NewTest">
        <test-method status="PASS" signature="f2(java.lang.String, java.lang.String)[pri:0, instance:TESTNG.NewTest@48eff760]" name="f2" duration-ms="1" started-at="2017-03-20T11:06:42Z" finished-at="2017-03-20T11:06:42Z">
          <params>
            <param index="0">
              <value>
                <![CDATA[test1]]>
              </value>
            </param>
            <param index="1">
              <value>
                <![CDATA[123]]>
              </value>
            </param>
          </params>
          <reporter-output>
          </reporter-output>
        </test-method> <!-- f2 -->
      </class> <!-- TESTNG.NewTest -->
      <class name="TESTNG.TestNGXmlTest">
        <test-method status="PASS" signature="f1(java.lang.String, java.lang.String)[pri:0, instance:TESTNG.TestNGXmlTest@4de8b406]" name="f1" duration-ms="7" started-at="2017-03-20T11:06:42Z" finished-at="2017-03-20T11:06:42Z">
          <params>
            <param index="0">
              <value>
                <![CDATA[test1]]>
              </value>
            </param>
            <param index="1">
              <value>
                <![CDATA[123]]>
              </value>
            </param>
          </params>
          <reporter-output>
          </reporter-output>
        </test-method> <!-- f1 -->
      </class> <!-- TESTNG.TestNGXmlTest -->
    </test> <!-- demo Test -->
  </suite> <!-- demo -->
</testng-results>
